0 info it worked if it ends with ok
1 verbose cli [ '/usr/bin/node', '/usr/bin/npm', 'install', 'ladda' ]
2 info using npm@1.2.32
3 info using node@v0.10.12
4 verbose node symlink /usr/bin/node
5 verbose read json /home/dev/projects/reStoreOrder/package.json
6 warn package.json application-name@0.0.1 No repository field.
7 verbose read json /home/dev/projects/reStoreOrder/node_modules/coffee-script/package.json
8 verbose read json /home/dev/projects/reStoreOrder/node_modules/connect-assets/package.json
9 verbose read json /home/dev/projects/reStoreOrder/node_modules/csv/package.json
10 verbose read json /home/dev/projects/reStoreOrder/node_modules/dropbox/package.json
11 verbose read json /home/dev/projects/reStoreOrder/node_modules/express/package.json
12 verbose read json /home/dev/projects/reStoreOrder/node_modules/jade/package.json
13 verbose read json /home/dev/projects/reStoreOrder/node_modules/jugglingdb/package.json
14 verbose read json /home/dev/projects/reStoreOrder/node_modules/jugglingdb-mongodb/package.json
15 verbose read json /home/dev/projects/reStoreOrder/node_modules/mocha/package.json
16 verbose read json /home/dev/projects/reStoreOrder/node_modules/mongoose/package.json
17 verbose read json /home/dev/projects/reStoreOrder/node_modules/mongoose-text-search/package.json
18 verbose read json /home/dev/projects/reStoreOrder/node_modules/node-dev/package.json
19 verbose read json /home/dev/projects/reStoreOrder/node_modules/npmedge/package.json
20 verbose read json /home/dev/projects/reStoreOrder/node_modules/pdfkit/package.json
21 verbose read json /home/dev/projects/reStoreOrder/node_modules/should/package.json
22 verbose read json /home/dev/projects/reStoreOrder/node_modules/stylus/package.json
23 verbose read json /home/dev/projects/reStoreOrder/node_modules/superagent/package.json
24 verbose read json /home/dev/projects/reStoreOrder/node_modules/underscore/package.json
25 verbose read json /home/dev/projects/reStoreOrder/node_modules/underscore.string/package.json
26 verbose read json /home/dev/projects/reStoreOrder/node_modules/ya-csv/package.json
27 warn package.json jugglingdb-mongodb@0.0.4-3 No repository field.
28 verbose from cache /home/dev/projects/reStoreOrder/package.json
29 verbose readDependencies using package.json deps
30 verbose cache add [ 'ladda', null ]
31 verbose cache add name=undefined spec="ladda" args=["ladda",null]
32 verbose parsed url { protocol: null,
32 verbose parsed url   slashes: null,
32 verbose parsed url   auth: null,
32 verbose parsed url   host: null,
32 verbose parsed url   port: null,
32 verbose parsed url   hostname: null,
32 verbose parsed url   hash: null,
32 verbose parsed url   search: null,
32 verbose parsed url   query: null,
32 verbose parsed url   pathname: 'ladda',
32 verbose parsed url   path: 'ladda',
32 verbose parsed url   href: 'ladda' }
33 silly lockFile a8db0447-ladda ladda
34 verbose lock ladda /home/dev/.npm/a8db0447-ladda.lock
35 silly lockFile a8db0447-ladda ladda
36 silly lockFile a8db0447-ladda ladda
37 verbose addNamed [ 'ladda', '' ]
38 verbose addNamed [ null, '' ]
39 silly lockFile 56006485-ladda ladda@
40 verbose lock ladda@ /home/dev/.npm/56006485-ladda.lock
41 silly addNameRange { name: 'ladda', range: '', hasData: false }
42 verbose url raw ladda
43 verbose url resolving [ 'https://registry.npmjs.org/', './ladda' ]
44 verbose url resolved https://registry.npmjs.org/ladda
45 info trying registry request attempt 1 at 22:30:10
46 http GET https://registry.npmjs.org/ladda
47 http 404 https://registry.npmjs.org/ladda
48 silly registry.get cb [ 404,
48 silly registry.get   { server: 'CouchDB/1.3.0 (Erlang OTP/R15B03)',
48 silly registry.get     date: 'Tue, 09 Jul 2013 20:30:12 GMT',
48 silly registry.get     'content-type': 'application/json',
48 silly registry.get     'content-length': '52',
48 silly registry.get     'cache-control': 'must-revalidate' } ]
49 silly lockFile 56006485-ladda ladda@
50 silly lockFile 56006485-ladda ladda@
51 error 404 'ladda' is not in the npm registry.
51 error 404 You should bug the author to publish it
51 error 404
51 error 404 Note that you can also install from a
51 error 404 tarball, folder, or http url, or git url.
52 error System Linux 3.8.0-26-generic
53 error command "/usr/bin/node" "/usr/bin/npm" "install" "ladda"
54 error cwd /home/dev/projects/reStoreOrder
55 error node -v v0.10.12
56 error npm -v 1.2.32
57 error code E404
58 verbose exit [ 1, true ]
